Determining if the function fseek64 exists failed with the following output:
Change Dir: /home/alex/ece1776/project/xpdf-4.00/xpdf-4.00/CMakeFiles/CMakeTmp

Run Build Command(s):/usr/bin/make cmTC_31603/fast && /usr/bin/make -f CMakeFiles/cmTC_31603.dir/build.make CMakeFiles/cmTC_31603.dir/build
make[1]: Entering directory '/home/alex/ece1776/project/xpdf-4.00/xpdf-4.00/CMakeFiles/CMakeTmp'
Building C object CMakeFiles/cmTC_31603.dir/CheckFunctionExists.c.o
/usr/local/bin/afl-gcc   -DCHECK_FUNCTION_EXISTS=fseek64   -o CMakeFiles/cmTC_31603.dir/CheckFunctionExists.c.o   -c /usr/share/cmake-3.16/Modules/CheckFunctionExists.c
Linking C executable cmTC_31603
/usr/bin/cmake -E cmake_link_script CMakeFiles/cmTC_31603.dir/link.txt --verbose=1
/usr/local/bin/afl-gcc  -DCHECK_FUNCTION_EXISTS=fseek64    -rdynamic CMakeFiles/cmTC_31603.dir/CheckFunctionExists.c.o  -o cmTC_31603 
/usr/bin/ld: CMakeFiles/cmTC_31603.dir/CheckFunctionExists.c.o: in function `main':
/usr/share/cmake-3.16/Modules/CheckFunctionExists.c:17: undefined reference to `fseek64'
collect2: error: ld returned 1 exit status
make[1]: *** [CMakeFiles/cmTC_31603.dir/build.make:87: cmTC_31603] Error 1
make[1]: Leaving directory '/home/alex/ece1776/project/xpdf-4.00/xpdf-4.00/CMakeFiles/CMakeTmp'
make: *** [Makefile:121: cmTC_31603/fast] Error 2



Determining if the function _fseeki64 exists failed with the following output:
Change Dir: /home/alex/ece1776/project/xpdf-4.00/xpdf-4.00/CMakeFiles/CMakeTmp

Run Build Command(s):/usr/bin/make cmTC_9f5db/fast && /usr/bin/make -f CMakeFiles/cmTC_9f5db.dir/build.make CMakeFiles/cmTC_9f5db.dir/build
make[1]: Entering directory '/home/alex/ece1776/project/xpdf-4.00/xpdf-4.00/CMakeFiles/CMakeTmp'
Building C object CMakeFiles/cmTC_9f5db.dir/CheckFunctionExists.c.o
/usr/local/bin/afl-gcc   -DCHECK_FUNCTION_EXISTS=_fseeki64   -o CMakeFiles/cmTC_9f5db.dir/CheckFunctionExists.c.o   -c /usr/share/cmake-3.16/Modules/CheckFunctionExists.c
Linking C executable cmTC_9f5db
/usr/bin/cmake -E cmake_link_script CMakeFiles/cmTC_9f5db.dir/link.txt --verbose=1
/usr/local/bin/afl-gcc  -DCHECK_FUNCTION_EXISTS=_fseeki64    -rdynamic CMakeFiles/cmTC_9f5db.dir/CheckFunctionExists.c.o  -o cmTC_9f5db 
/usr/bin/ld: CMakeFiles/cmTC_9f5db.dir/CheckFunctionExists.c.o: in function `main':
/usr/share/cmake-3.16/Modules/CheckFunctionExists.c:17: undefined reference to `_fseeki64'
collect2: error: ld returned 1 exit status
make[1]: *** [CMakeFiles/cmTC_9f5db.dir/build.make:87: cmTC_9f5db] Error 1
make[1]: Leaving directory '/home/alex/ece1776/project/xpdf-4.00/xpdf-4.00/CMakeFiles/CMakeTmp'
make: *** [Makefile:121: cmTC_9f5db/fast] Error 2



Performing C SOURCE FILE Test CMAKE_HAVE_LIBC_PTHREAD failed with the following output:
Change Dir: /home/alex/ece1776/project/xpdf-4.00/xpdf-4.00/CMakeFiles/CMakeTmp

Run Build Command(s):/usr/bin/make cmTC_13abe/fast && /usr/bin/make -f CMakeFiles/cmTC_13abe.dir/build.make CMakeFiles/cmTC_13abe.dir/build
make[1]: Entering directory '/home/alex/ece1776/project/xpdf-4.00/xpdf-4.00/CMakeFiles/CMakeTmp'
Building C object CMakeFiles/cmTC_13abe.dir/src.c.o
/usr/local/bin/afl-gcc   -DCMAKE_HAVE_LIBC_PTHREAD   -o CMakeFiles/cmTC_13abe.dir/src.c.o   -c /home/alex/ece1776/project/xpdf-4.00/xpdf-4.00/CMakeFiles/CMakeTmp/src.c
Linking C executable cmTC_13abe
/usr/bin/cmake -E cmake_link_script CMakeFiles/cmTC_13abe.dir/link.txt --verbose=1
/usr/local/bin/afl-gcc  -DCMAKE_HAVE_LIBC_PTHREAD    -rdynamic CMakeFiles/cmTC_13abe.dir/src.c.o  -o cmTC_13abe 
/usr/bin/ld: CMakeFiles/cmTC_13abe.dir/src.c.o: in function `main':
/home/alex/ece1776/project/xpdf-4.00/xpdf-4.00/CMakeFiles/CMakeTmp/src.c:11: undefined reference to `pthread_create'
/usr/bin/ld: /home/alex/ece1776/project/xpdf-4.00/xpdf-4.00/CMakeFiles/CMakeTmp/src.c:12: undefined reference to `pthread_detach'
/usr/bin/ld: /home/alex/ece1776/project/xpdf-4.00/xpdf-4.00/CMakeFiles/CMakeTmp/src.c:13: undefined reference to `pthread_join'
collect2: error: ld returned 1 exit status
make[1]: *** [CMakeFiles/cmTC_13abe.dir/build.make:87: cmTC_13abe] Error 1
make[1]: Leaving directory '/home/alex/ece1776/project/xpdf-4.00/xpdf-4.00/CMakeFiles/CMakeTmp'
make: *** [Makefile:121: cmTC_13abe/fast] Error 2


Source file was:
#include <pthread.h>

void* test_func(void* data)
{
  return data;
}

int main(void)
{
  pthread_t thread;
  pthread_create(&thread, NULL, test_func, NULL);
  pthread_detach(thread);
  pthread_join(thread, NULL);
  pthread_atfork(NULL, NULL, NULL);
  pthread_exit(NULL);

  return 0;
}

Determining if the function pthread_create exists in the pthreads failed with the following output:
Change Dir: /home/alex/ece1776/project/xpdf-4.00/xpdf-4.00/CMakeFiles/CMakeTmp

Run Build Command(s):/usr/bin/make cmTC_ef9e0/fast && /usr/bin/make -f CMakeFiles/cmTC_ef9e0.dir/build.make CMakeFiles/cmTC_ef9e0.dir/build
make[1]: Entering directory '/home/alex/ece1776/project/xpdf-4.00/xpdf-4.00/CMakeFiles/CMakeTmp'
Building C object CMakeFiles/cmTC_ef9e0.dir/CheckFunctionExists.c.o
/usr/local/bin/afl-gcc   -DCHECK_FUNCTION_EXISTS=pthread_create   -o CMakeFiles/cmTC_ef9e0.dir/CheckFunctionExists.c.o   -c /usr/share/cmake-3.16/Modules/CheckFunctionExists.c
Linking C executable cmTC_ef9e0
/usr/bin/cmake -E cmake_link_script CMakeFiles/cmTC_ef9e0.dir/link.txt --verbose=1
/usr/local/bin/afl-gcc  -DCHECK_FUNCTION_EXISTS=pthread_create    -rdynamic CMakeFiles/cmTC_ef9e0.dir/CheckFunctionExists.c.o  -o cmTC_ef9e0  -lpthreads 
/usr/bin/ld: cannot find -lpthreads
collect2: error: ld returned 1 exit status
make[1]: *** [CMakeFiles/cmTC_ef9e0.dir/build.make:87: cmTC_ef9e0] Error 1
make[1]: Leaving directory '/home/alex/ece1776/project/xpdf-4.00/xpdf-4.00/CMakeFiles/CMakeTmp'
make: *** [Makefile:121: cmTC_ef9e0/fast] Error 2



